Traceback (most recent call last):
  File "D:\neuro_mirro\main.py", line 3, in <module>
    import uvicorn
  File "C:\Users\yahoo\AppData\Roaming\Python\Python313\site-packages\uvicorn\__init__.py", line 1, in <module>
    from uvicorn.config import Config
  File "C:\Users\yahoo\AppData\Roaming\Python\Python313\site-packages\uvicorn\config.py", line 3, in <module>
    import asyncio
  File "C:\Python313\Lib\asyncio\__init__.py", line 8, in <module>
    from .base_events import *
  File "C:\Python313\Lib\asyncio\base_events.py", line 16, in <module>
    import collections
  File "C:\Python313\Lib\collections\__init__.py", line 38, in <module>
    from keyword import iskeyword as _iskeyword
  File "<frozen importlib._bootstrap>", line 1360, in _find_and_load
  File "<frozen importlib._bootstrap>", line 1322, in _find_and_load_unlocked
  File "<frozen importlib._bootstrap>", line 1262, in _find_spec
  File "<frozen importlib._bootstrap_external>", line 1559, in find_spec
  File "<frozen importlib._bootstrap_external>", line 1533, in _get_spec
  File "<frozen importlib._bootstrap_external>", line 1663, in find_spec
  File "<frozen importlib._bootstrap>", line 491, in _verbose_message
KeyboardInterrupt
